Build started 28.3.2021 г. 23:22:46.
     1>Project "C:\Users\ionivt\Documents\Visual Studio 2013\Projects\BankManagementSystem\BankManagementSystem\BankManagementSystem.vcxproj" on node 2 (Build target(s)).
     1>ClCompile:
         C:\Program Files (x86)\Microsoft Visual Studio 12.0\VC\bin\CL.exe /c /ZI /nologo /W3 /WX- /sdl /Od /Oy- /D _CRT_SECURE_NO_WARNINGS /D _UNICODE /D UNICODE /Gm /EHsc /RTC1 /MTd /GS /fp:precise /Zc:wchar_t /Zc:forScope /Fo"Debug\\" /Fd"Debug\vc120.pdb" /Gd /TP /analyze- /errorReport:prompt Bank.cpp BankManagementSystem.cpp
         Bank.cpp
         Generating Code...
         Compiling...
         BankManagementSystem.cpp
         Generating Code...
       Link:
         C:\Program Files (x86)\Microsoft Visual Studio 12.0\VC\bin\link.exe /ERRORREPORT:PROMPT /OUT:"C:\Users\ionivt\Documents\Visual Studio 2013\Projects\BankManagementSystem\Debug\BankManagementSystem.exe" /INCREMENTAL /NOLOGO kernel32.lib user32.lib gdi32.lib winspool.lib comdlg32.lib advapi32.lib shell32.lib ole32.lib oleaut32.lib uuid.lib odbc32.lib odbccp32.lib /MANIFEST /MANIFESTUAC:"level='asInvoker' uiAccess='false'" /manifest:embed /DEBUG /PDB:"C:\Users\ionivt\Documents\Visual Studio 2013\Projects\BankManagementSystem\Debug\BankManagementSystem.pdb" /SUBSYSTEM:CONSOLE /TLBID:1 /DYNAMICBASE /NXCOMPAT /IMPLIB:"C:\Users\ionivt\Documents\Visual Studio 2013\Projects\BankManagementSystem\Debug\BankManagementSystem.lib" /MACHINE:X86 Debug\Bank.obj
         Debug\BankManagementSystem.obj
         Debug\ClientBank.obj
         Debug\Fibonacci.obj
         Debug\ID.obj
         Debug\stdafx.obj
         BankManagementSystem.vcxproj -> C:\Users\ionivt\Documents\Visual Studio 2013\Projects\BankManagementSystem\Debug\BankManagementSystem.exe
     1>Done Building Project "C:\Users\ionivt\Documents\Visual Studio 2013\Projects\BankManagementSystem\BankManagementSystem\BankManagementSystem.vcxproj" (Build target(s)).

Build succeeded.

Time Elapsed 00:00:00.65
